INFO: Optimal solution to reach: 1111000000000000000000000000000000000000000000000000000000001111

INFO: Generation: 1 ObjectiveValue: 42
DEBUG: 
Population:
0 ---- 1011010101000100000111000011111100000110101000010010000111110111
1 ---- 0001111100001101101111111001010010110010101111111101010111110010
2 ---- 1110100010001001110110001010011000110011011110010011111001100111
3 ---- 0011110101010001100101011101010110110000011000001011101110111001
4 ---- 0001110000000111011001011100001000111100001010000110110001110011
5 ---- 1111000110011110111111110010101011001100101111010000001010111010
6 ---- 0001011001001001010000101100010001010100110110011111011001100010
7 ---- 0010111001111110101000100011010010000100010010101100110001011010
8 ---- 0111101101000000100010110111110001000011100100001100111111011110
9 ---- 0110011001110010011110101100110111101010110001101100100000011011
10 ---- 0010011010101001000010111001111000111101000001111110011011001101
11 ---- 1111101101010100111100011110010001011101000011110110011011100100
12 ---- 0011110101101001011010001110101101101011000010010001111111001101
13 ---- 0110100001110010111111110001111101000011100100010010001000000011
14 ---- 0011001000011110001000001011101011111010101000010011101010001100
15 ---- 1111100100001101000101010111101010110011001000001101001111100101
16 ---- 0110011010001111011100100111010000100110000001001100111010000010
17 ---- 1010000101101100100010000011000001100010001101110100010011110110
18 ---- 1001000011011000011101111011011110111101101111100011010011000101
19 ---- 1101011110100111010011110010010011001110111011110011111001110101
20 ---- 0111000110111000010110000001101011110111110100100111010010011101
21 ---- 1101011011011011100110110010011001111001000111111111001011100001
22 ---- 0101110011111001001010010111110110000111100110100001010100000101
23 ---- 1101111000001011011011000010110011000011111011010011000111111101
24 ---- 0000111000010000100111000110010110111011111000010101101111100011
25 ---- 0000111010110111001000110010110101110001010000100000100000110000
26 ---- 1111000100100010110001101011101001101010001010010011000000001011
27 ---- 1010001011111011001000000110001111110111110001110101001100000010
28 ---- 0111100000110110000000101100001100010110110010011011000000001001
29 ---- 1100111001010111010001010000000111011000000110011111111000011010
30 ---- 0001111011101111000011111110001100111111001001110001110010000010
31 ---- 0001110111101110011001111011100111000101010011001110000011100000
32 ---- 0100011011110001101111101010001100011010111011000110010101110110
33 ---- 1011100000001000010101111110100110011000101000000011000001100001
34 ---- 1101001010111010000011010010110010111110001111001001010000110111
35 ---- 0001100100011010111100000111110111000111001001011000010101011110
36 ---- 1110110100100101000000010100110011100001000000111010100010001000
37 ---- 0101010110110001111111100111000101011000100101001111110000111111
38 ---- 0110000001101011100100000111000111111000010101011011010001101000
39 ---- 1000011110011011100111110001011110001111011001111100000011110110
40 ---- 1100010100101101000111101010010000000100001100100111010001100100
41 ---- 0000010010110011111110111010100101110010001011010010111100011010
42 ---- 1000001101111111100000000010110011011101111000111111111110110100
43 ---- 0100100011010101010000000101100011001010001100100100000100010000
44 ---- 0101110001100110011001111110011111111101101100110111110010010010
45 ---- 0110110011000000100000100010110010101100001110101001010100111110
46 ---- 1101010111001101101110010010001110110101011110100101011011011011
47 ---- 0010111000010011010001100101110110000111111100010010010011100000
48 ---- 0100011110001001100000111001100001110000010101111011101100011001
49 ---- 1010111001010111010000110100001000101010100110111010111110101100
DEBUG: Fittest in this population: 1111000100100010110001101011101001101010001010010011000000001011

INFO: Generation: 2 ObjectiveValue: 44
DEBUG: 
Population:
0 ---- 1111000100100010110001101011101001101010001010010011000000001011
1 ---- 0100111010001101011000000111010010100010001101100100100100010000
2 ---- 0010000001000011111110010011111001100011100110010010111001100011
3 ---- 1011100000000000110111111101110100001010100100000010000000100001
4 ---- 0011001000011111001001011100101000111000101010000111111011110100
5 ---- 0111101000110000000000100110000101000010110110011011010010001110
6 ---- 0110100010110000100000101000100110111100110010111001000000001000
7 ---- 0110110010010101000000000100100011101001001100101010100100010000
8 ---- 1111110100000101000100010101100011101011001000101110001110100101
9 ---- 0101000111010001111011000101000111001000100100101100110000110001
10 ---- 1110000010001010110111101011101001101011011010010011011000101111
11 ---- 1011100101101000010110111010100100111000101001010001011001110010
12 ---- 1110110100100101000000010100110011100001000000111010100010001000
13 ---- 0110110100101110000010101100000100010100000110111011000000001100
14 ---- 0011001000000100100000011111101011001011101100000001111011001100
15 ---- 1010010000001110011100100011010001100110001101100100111011110110
16 ---- 1010000101000100000110000001111001100010101001110010000011110110
17 ---- 0101110011001101001011011100101100111100100010000001110001000011
18 ---- 1100110100101101000111010110110010101000001100110010000010001100
19 ---- 1101101100000100100011111010110001000110101100000111111011010110
20 ---- 1100001001010111100010000010000001100000000100011110110010111110
21 ---- 0111001000001010011010001011101011010011101011010011001110101101
22 ---- 1101100000001011011110000010011001100011011011010011111101100111
23 ---- 1111000100100010110001101011101001101010001010010011000000001011
24 ---- 1000000101000101010001000111111011001110001000010010000110010101
25 ---- 1010100100100100000000010000000001100011001001111100100010001000
26 ---- 1010110100100001000101010110110011101000100000011010000000000001
27 ---- 1110010100000100000111100010011100000100101000100110010111100100
28 ---- 1011111001101100100100110111000110010000101000100001010001010011
29 ---- 1011000101000011000110000111011100111010100100011011000101111000
30 ---- 1110101101000000100010110111110011100011100100101000110111111010
31 ---- 0111000000010111001100101101000000110110010001011000000010000010
32 ---- 0011100000101010010100101100000100011100110010001011000001100001
33 ---- 0011101101001100001010110011110001011011100100000110111010001110
34 ---- 1111111101000100000111000001101100010000101000011111010001010111
35 ---- 1101110000100011111001011101101000101010001010010011000000101011
36 ---- 1011100101001000000110111111110101001001100100000100111011111100
37 ---- 0111100001010010000000101010101000010110101000011011000100001100
38 ---- 1010010001001000000100000011100110100100100101010011000011110111
39 ---- 1100100001101100000010000011000011101010001101100100010010110110
40 ---- 0100100011000100100000100111100010101000001100101100010100011100
41 ---- 0110000010001111110101000011001111101000110111010011000001111000
42 ---- 0100100011010101010000010101100011001010001100100100000100010000
43 ---- 1011000000000000010001101110100101111010101000010011000000001011
44 ---- 0111110100001100000101110011110010101110001100001101000101100101
45 ---- 1111101010110011000010110110011010011110011110001001001000001001
46 ---- 0111101000110010000011001110100110110110110110001001010000110011
47 ---- 0101100001000000000010010111110111000111100100100010110100001100
48 ---- 1111010101000000110001101011101100001010101010010010000100011111
49 ---- 0111100000110110000000101110101000110010110010010011000000001101
DEBUG: Fittest in this population: 1011000000000000010001101110100101111010101000010011000000001011

INFO: Generation: 3 ObjectiveValue: 45
DEBUG: 
Population:
0 ---- 1011000000000000010001101110100101111010101000010011000000001011
1 ---- 0111100000110110000000101110000101100010110110011011000010001110
2 ---- 1111010101010010100001101010101000001010101000011011000100011100
3 ---- 1111001000010000110001101110101101001011111010011011000010001110
4 ---- 0111000010010111000000101111101000110110110010011010000000001011
5 ---- 1111111101100100000011010101100100110000101000011110110000010000
6 ---- 0100100001001010000100111110111000111010101000010010000100001100
7 ---- 1111001100000101101000101001001100011010110000010010000000011011
8 ---- 0011000000000001010000101111000001110110011000011000000000001011
9 ---- 1011110100100001000001010011111011101010001010011011000000001001
10 ---- 1110100100100100000001100001100001100011001011011000000010001100
11 ---- 0111101000110000000000101110001100110010110110011011010010001100
12 ---- 1101000101000000110001101011101100001010101010010010000100011011
13 ---- 1111101101000010000010001011101100010000101000011011000101001101
14 ---- 1110100101110000000000001000000000100111101001111111100010001000
15 ---- 1111010101000000110100101011101011101100100000010011000011110011
16 ---- 0111100001000000000000010110100111000111100100101011010010001110
17 ---- 1111101000010000010000100110000101110010111110011011010000001110
18 ---- 0111100001000010100001101011101000001010101010011011000100001100
19 ---- 0111000100101010110000101000100100101000010010000011000001001011
20 ---- 1110001001010110100000100010100001110110101000011111010010011110
21 ---- 1111111001000000000110000001101100000100100000011011010011010111
22 ---- 1111100101110110000000000001101100110000111010010011010001000111
23 ---- 0111000100100110101000101101000001110010010011011000000000001011
24 ---- 1110100100100110000001011011110001101011000000110011100010001001
25 ---- 1111000000100000010001101111100101101010001000010011000000001011
26 ---- 1111100100100010100100101110101101001010010110011011010000001111
27 ---- 1111110000100001011001011110101000100010100110010011010000001110
28 ---- 0010000100010110001000011000000001100110000001111000100010001010
29 ---- 0111100001010110000000101110101000010110110000010001000100001101
30 ---- 1011000000100000010001101010101001111010101000010011000000001011
31 ---- 0101100110100100110000101011101000101000001010011001000000011110
32 ---- 1010110000001100000100010011110010100100001100110010100010100101
33 ---- 1110001000100000000000101010100001001010110110011011010010001011
34 ---- 1111010100100000010011100001101101110000001010010011010000001011
35 ---- 1111101101100100000011000000001000110011001001111111000000011011
36 ---- 1110000100000100000001010010011110100011101001111110010011100000
37 ---- 0111100001010010000000101110101000010110101100011011000100001100
38 ---- 1111000000100000011001011111100101111010001010010011000000001011
39 ---- 0111100001100100000010000011101011110110101000000000000100101100
40 ---- 1010000101100100010001011011000001100011001000111000100010001011
41 ---- 1010100101110100000000100010011001010111001000011110000100001100
42 ---- 0011101000100000000000100110100101000010111110010011000000001110
43 ---- 1111110101100000000000011100110011000010100000111010000110001100
44 ---- 1010010000001100000100000001000101100011100101111101000011011111
45 ---- 1011010000000000010101000111100100101010101000010011000000110011
46 ---- 1010100100100110010001101110100001111000101000011011100000001001
47 ---- 1011000000000000010001101110100101111010101000010011000000001011
48 ---- 1111001000010010110011001000000001101000100100010110010010111110
49 ---- 1111101000110000010100110100100100001010100100011010010000001100
DEBUG: Fittest in this population: 1111000000100000010001101111100101101010001000010011000000001011

INFO: Generation: 4 ObjectiveValue: 48
DEBUG: 
Population:
0 ---- 1111000000100000010001101111100101101010001000010011000000001011
1 ---- 1111001100101111111000101001001100001000110000010011000000011011
2 ---- 1011000000100000010001101010101001101010111000010011000000001011
3 ---- 1110001100100000010010101000100101101000011010010011010010001011
4 ---- 0111100001110100000000100010101000010010110011010001000010001101
5 ---- 1111000000101010100001101111000001100010000001010000000000001011
6 ---- 1011001000100000010001101110100101101010001000010011000000001011
7 ---- 1111110000100000000001001100100001101010001010010011000000001011
8 ---- 0111101100010110001000111000001100101110100000011000000010001010
9 ---- 1111000001000000000001101100100001111010100000010011000100001011
10 ---- 1111001000110100001100111001101100011010100100011010000000011010
11 ---- 1011100000100000000000111000111011000010100000010011000110000011
12 ---- 1111001100100100010000101001101100011010100000010011000000001011
13 ---- 1011001000010010110011101110100101101000111000010110010000011011
14 ---- 0111000100010111101000101001001000110010010000011000010000011011
15 ---- 1111100001100000010000101010101011111010101000000010000000001101
16 ---- 1111001100000101101000101001001100011010110000010010000000011011
17 ---- 0011101001100000000000101110100000000110110000010001000100001111
18 ---- 1010001000100100010001010010000101100010011110010010000010001010
19 ---- 1111000000000000010001101010100101111000110010000011000001001011
20 ---- 1011100000101000010100111110100100011010101100011010000000001001
21 ---- 1110001100100101001000101001001001011010110100011011010000001011
22 ---- 0011101000000000000000101111100101110110011100010010000000001111
23 ---- 1111101000110000010000101110000101111010011100010011000000001110
24 ---- 1111101100100000000000001111101101100001101000011011000001001101
25 ---- 1111000000100001010001111010101000111010100010010011010000001011
26 ---- 1111001100000000000010101011101000011010101000010011000101001101
27 ---- 1011010000001000000100000101100101100011101001111101000000001011
28 ---- 1011000000000001010000101110000101111110111000011010000000001011
29 ---- 1011000000000000010001101110100001111010101000010011000000001011
30 ---- 1111010100100000010011100001101101110000001010010011010000001011
31 ---- 1111010000000000010011001001101101000110101000010011010001010011
32 ---- 1111110001100000010001010100100000000010100110010011010000001100
33 ---- 0111000001100100010000101100101001010010110000010001000100001011
34 ---- 1011000000000010010011001000010001101000100100010110010000011010
35 ---- 0111100100100110110001101001100001100010011011011010000000001101
36 ---- 1111000000000001110001101010101101111010100100010111000000011011
37 ---- 0011100001100001010000101011001001110110101000000000000100001001
38 ---- 1011001000000000010001001001100101111000101000011011000011010111
39 ---- 1111101000010001101000111101001000011010110000011010000000001110
40 ---- 1111100100100100010001000000101001111011101000111111000000011011
41 ---- 1110001000100000000001101110100001101010110010010011000000001011
42 ---- 0111000000000010010000101110101001110110111000010101000000001001
43 ---- 0111000000100100111000101101100001110010010000011011000000001011
44 ---- 0011000100000001010000101111000000110010010000001000000001001011
45 ---- 1111101001010000010110100001101100001110100000011010010010011110
46 ---- 1111111100100001111001011001001100010010100000010010000000001110
47 ---- 0011000001100000010111000111100111111010101000000000000000111000
48 ---- 0011001000000000010000101111000101110110111000011001000000001011
49 ---- 1011000000100000010001101010101000101010001000000011000001001011
DEBUG: Fittest in this population: 1111000000101010100001101111000001100010000001010000000000001011

INFO: Generation: 5 ObjectiveValue: 51
DEBUG: 
Population:
0 ---- 1111000000101010100001101111000001100010000001010000000000001011
1 ---- 1111000000000001010001101110100101110000010000001000000001001011
2 ---- 1111000000000000010001101010100000111000100010010011010001001011
3 ---- 1111000000101000100001111001000011100010100001010010000000000011
4 ---- 1111110000100000000001001100100001101010001010010011000000001011
5 ---- 1111000000000000010001101010101001111010101010000011000001001011
6 ---- 0011101001100000000000101110100000000110110000010001000100001111
7 ---- 0111000001100000010001101100100001111010100000010011000100001011
8 ---- 0011100000000000010000101110100101111100111110010011000001001111
9 ---- 1111001101100000010000101000100100111010100000010011000100001011
10 ---- 0011100000100100010000101110100000010010110000010001000100001011
11 ---- 1111110000100000000001011100100001000010101010010011010000001111
12 ---- 1111111001100001110001011101100000000010100100010010000000001100
13 ---- 1011010000000000010000100100100101111010101011010011000000001011
14 ---- 1111000000000000100000101010001000110000110010001001000000001011
15 ---- 1011000000101000000001101110000001100010001001010001000000001011
16 ---- 1011000000100000010001101010100001111010101000010001000000001011
17 ---- 1111100000100000000001101110101000101010001010000011000000001011
18 ---- 0011100001000100010000101010000000010010010001000001000010001011
19 ---- 1111000001100100010000101111100001001010100000010011000100001011
20 ---- 1011101000100000010000001110100001000110100000010011000100001011
21 ---- 1011000000100000010001001000111000101010101100000010010000001010
22 ---- 1111100000100000010001001100100001101010111000010011000000001011
23 ---- 1111010000100000000001001010101001101010011010010011000000001011
24 ---- 1111000000100000010001001010101101101100000010000011000001001011
25 ---- 1111100001000000000001101110100001111010101000010010000000001111
26 ---- 0011000001000001010000101100001001110010010000000001000001001011
27 ---- 1111000100100000010000111001101110011010100000010011000110001011
28 ---- 1111100000101010100001101101100001100010000000010010000000001011
29 ---- 1111001100100000000010101001101100011010100000010011000100001111
30 ---- 1111100000100000000001001100100001111010001000010011000000001011
31 ---- 0011001100100101010000101001000000110010010000000001000001001011
32 ---- 1111000001000000010001101101100101101010100000010011000100001011
33 ---- 1011000000000000010001101111100000110110010000001001000001001011
34 ---- 1011110000000000000001001000100001101000001110010111000000000010
35 ---- 1111001100100000010001101011101100011010100000010011000000001011
36 ---- 1111000001100000010001101010101000101010101010010011000001001011
37 ---- 1011000000100000000001101010101000101010101000000011000001001011
38 ---- 0111001100010100011000101000000000100010000000010001010000011011
39 ---- 1010000000100000010001101110101001101010010000000011000000001011
40 ---- 1011010000100000010001001110100001101010001010010011000000001011
41 ---- 1111110000100000000001111100111011100010101000010011000010001011
42 ---- 1111000000000000010001101110101000101010100000010011000001001011
43 ---- 0011101000100000000010101011101000011010101000010001000101001101
44 ---- 0011000000000010010011001000000001010000100000010111010100011011
45 ---- 0111101000100010000000101111000000000010000001010000000100001111
46 ---- 0111000100101011010001101111000100100010010001001000000001001011
47 ---- 0011000000100000010000101110100000100010010000010001000101001011
48 ---- 1111000001100000000000101100100001111010100000010011000100001011
49 ---- 0011000100000000010001101110000000111010001000000010000001001011
DEBUG: Fittest in this population: 1111000000000000100000101010001000110000110010001001000000001011

INFO: Generation: 6 ObjectiveValue: 54
DEBUG: 
Population:
0 ---- 1111000000000000100000101010001000110000110010001001000000001011
1 ---- 1111000000000001000001101110000101110000011000010001000000001011
2 ---- 1111100001100000000001101100100001111010000000010011001000001011
3 ---- 1111000100101000100000101111000001110010100011011000000000001011
4 ---- 0011100000100100010000101110000000000010010000000001000011001011
5 ---- 1111010000100000000001001100101000101010000010000011010001001111
6 ---- 1111101000100000000001101111100000000010000011010010000000001111
7 ---- 1111010000100000100000101010101001100000010010000011000000001011
8 ---- 0011101001000011010000101101001000100010000001000000000001001111
9 ---- 0111101000101000000000101110000001000010001001010000000100001011
10 ---- 0111101001100010010000101110000000010010010001010000000110001011
11 ---- 0111001100100110100000101101000000100010000001010001010000011011
12 ---- 1011100000101000100001101110100001100010001001010001000000001011
13 ---- 1111101000000011000001101111100001110010010000001000000001001011
14 ---- 1011000000100000110001001010011000111010110110000000010000001011
15 ---- 1111100000000000000000101110001000000010100000000001000100011111
16 ---- 0111000000000000000001001110100000111010001000000000000000001011
17 ---- 1011000000001100010000101010000000100010011001000001000010001011
18 ---- 1011000000000000010001101000110100100000111100001000010001001011
19 ---- 1111000000100000110000101010000000000000100010001011000000001011
20 ---- 1111100000100000000001101010101000101010001000000011000000001011
21 ---- 0011100001000000010000100010000000011010110000010001000100001011
22 ---- 1111000000100000110001101010101100110110000010000011000001001011
23 ---- 1111100001000000000001101110001000100010000000000001000010001011
24 ---- 0111100000100000100000101111001000000011110011010001000000001011
25 ---- 0111100000100010000000101101100000100010000001010010000100001101
26 ---- 1011000000100000000001101010000000100010000001000001000000001011
27 ---- 0011100001100001010000101110001001100010001010000001000000001011
28 ---- 0011100001001001000001101110000000000010000001000001000010001011
29 ---- 1111100000101010010001101101100101100100000000010010000001001011
30 ---- 1011000000100000010000101111000000110110010001000000000100001111
31 ---- 1111000000101010100001101111000001100010000001010000000000001011
32 ---- 1111000000000001100000101110001100110000010010001000000001001011
33 ---- 1111001100011000100000101011000000100010000001010001010000011011
34 ---- 1111000000000000010001101110100001110010000000001001000101001011
35 ---- 0111001000110110010000101110000000000010000000010001010000011111
36 ---- 1011000000100000010001101110101001100110000000010011000000001011
37 ---- 1111000001100000000000001100100001010010101000010011010100001011
38 ---- 1011000000001001100001101110100001100000000000010001000000001011
39 ---- 1111000000101000010001101110000101100010000001000000000000001011
40 ---- 1111010000000000000001001100100001111000100010010011010000001011
41 ---- 0101001100100000010010101111101100011010100000010011000000001011
42 ---- 1111000000000000000000101010000100110000010000001000000001001011
43 ---- 1111100000100000000001101100000001100010001011010011000000001011
44 ---- 1001000001000000010000101110000101010000010001000000000000001011
45 ---- 1011000000000001010001101010000001110000100010010001000001001011
46 ---- 1111110001100000000001101100100001111010101000010010000000001011
47 ---- 1111000001010000011000101100000000110010000000010001010000011011
48 ---- 0111100000010100001001001100000001111010000000010001000000011011
49 ---- 1111000000001000100000101011000000110010010011011000000000001011
DEBUG: Fittest in this population: 1111000000000000000000101010000100110000010000001000000001001011

INFO: Generation: 7 ObjectiveValue: 56
DEBUG: 
Population:
0 ---- 1111000000000000000000101010000100110000010000001000000001001011
1 ---- 0011000000001000010000101110000000100010011000000000000010001011
2 ---- 1111000000001000010000101110000101000010100001000000000100011111
3 ---- 1001000001000000010000001110000100010010000001000001000000001011
4 ---- 1011000000001100010001101110001000100000001001000001000010001011
5 ---- 1111000000100000000001101010000001100010000001000001000000001011
6 ---- 1011000000000100000001101010000000100010010001000001000000001011
7 ---- 1111000001000000000000001000001000010010101010011001010000001011
8 ---- 1111000000000001000001101110000100100000110010011001000000001011
9 ---- 0111000000000010000001001110100100110010011000000000000000001011
10 ---- 1111100001000000000001101110101000100000001000000001000010001011
11 ---- 1101100001100010000000101110001000011010000001000011000000001011
12 ---- 1111000000001000000000101011000000110010010001011000000000001011
13 ---- 1111000000000000000000101010000100110000010000001000000001001011
14 ---- 0111000000000000000001001010100000111010011010000000000010001011
15 ---- 1011000000100000000001101010100000100011001000000000000000001011
16 ---- 1111000000100000000000101010000000000010100011000011000000001011
17 ---- 1111000000001000000001101110000000100010100010000001000101001011
18 ---- 1111000000000000001000101110000101110000110000011011000000001011
19 ---- 1111000000100000100000101010000000100000110000001000000001001011
20 ---- 1111000000000000100000101010001100110000110010001000000001001011
21 ---- 1111000010000000100001101010100000111000111010001000000000001011
22 ---- 1111000000000000000001101110000000101010001000000001000000001011
23 ---- 1111000000000001110100101110001000000000000010001010000000001011
24 ---- 1111101000000000000001101110101000000010000010000010000000001111
25 ---- 1111000000000000010000101010000000010000000000001010000001001011
26 ---- 0111000000000000000001001110100000111110011000001000000000001011
27 ---- 1111000000100000000001101010000100110000010000001000000000001011
28 ---- 1111000001000000011001101110000000100010000000010001010000011011
29 ---- 1111100000000000000000101110001001000010100000000011000000001011
30 ---- 1111100000000000100000101011000000000000010011011001000001001011
31 ---- 1011000000100001000000101110000000110100010010001000001000001111
32 ---- 1111100001000000000001001100001001101010100000010001000000001011
33 ---- 1111100001000000000001101110001000000010000000000001000110001111
34 ---- 1111000000001100000000101110001000110010010010000001000001001011
35 ---- 1111010001100000000000101000001000110010000010000001000001001011
36 ---- 1111000000100000100000101010001000100000100010001011000000001011
37 ---- 1111000000000000110000101010000000100000110000001011000000001011
38 ---- 1111110000100000100000101010101000101010011010000011000000001011
39 ---- 0111000000100000000001001010101000111010001000000011000000001011
40 ---- 1111000000001000100000101011000100110000010010011000000001001011
41 ---- 1011000001001000010000101000000000100010011000010001010000011011
42 ---- 1111100000000000000001101111100000101010000001010010000000001111
43 ---- 1111000000000000000000001010001000110000101000001001000000001011
44 ---- 0111010000100000000001001100100000101010001000000000000000001011
45 ---- 1111100000000000000001101010000000000010000000000001000000001011
46 ---- 1111000000100000000001101010000100100010000001000001000000001001
47 ---- 1111000000100000000000001110001000101010010010001000010001001111
48 ---- 1111000000100000110000101010001000000010100000000001100000001111
49 ---- 1011000000000000000001101110000100110000011001010001000000011011
DEBUG: Fittest in this population: 1111100000000000000001101010000000000010000000000001000000001011

INFO: Generation: 8 ObjectiveValue: 57
DEBUG: 
Population:
0 ---- 1111100000000000000001101010000000000010000000000001000000001011
1 ---- 1111000001000000000000101000000000010010000000000001000001001011
2 ---- 1111000000000000000001101010000100110010011000000000000001001011
3 ---- 1111000000000000000000101010001000010000100000000011000000001011
4 ---- 1111000000100000110000101010000000110010110000000000100000001011
5 ---- 1111000000000000000000101010001101100010100001000011000000001011
6 ---- 0101000001100000000001001100101000001010001000000000000110001011
7 ---- 1111000001000000000000101010000000110000000000001001000000001011
8 ---- 1111000100000000000000101010000100110001010000001000000001001011
9 ---- 1111000010000000000000001010000100110010001000001000000001001011
10 ---- 1111000001000000000000101000000001100010101000000001000000001011
11 ---- 1011000000000000010001101010000000010000000001001000000001001011
12 ---- 1111000000000000000001101010000100110000000000001010000001001011
13 ---- 1111000000100000100001101010000100110100010000001000000000001011
14 ---- 1111000000000000000000101110000000100010001000000001000001001011
15 ---- 1111100000100000000001101010100000000010000001000011000000001101
16 ---- 1111000000100000000001101010001000000010100000000001100000001111
17 ---- 1011000000000000000000001010001000110000101001001001000000001011
18 ---- 1111000000000000110010101110001000000000110000001011000000001011
19 ---- 1111000000000001010101101010000100000000000000001010000000001001
20 ---- 1111000000000000010000101010001000000000000000000001000001001111
21 ---- 1111100000100000000001101110000100101010000001000010000000001001
22 ---- 1111000001100000100000101010000000100001010000001001000001001011
23 ---- 1011000000000000000001101010000100110001000000000000000000001011
24 ---- 1111000000000000010000111010000100110000010000001000000001001011
25 ---- 1111000000000000000001101010000100110000010001001000000000001011
26 ---- 1111000000000000000000101000001000110000000000001000000000001011
27 ---- 1111000000000000000000101010001001100010101000001001000000001111
28 ---- 1111000000100000000001101010000100100010000001000001000000001001
29 ---- 1111000000000000000000101010000100110000010000001000000001001011
30 ---- 1111000000100000000001101010100000000011000000000001000000001011
31 ---- 1111000000100000000001101010000000101010001000000001000000001011
32 ---- 1111100000100000000001101010000000000010000000000001000000001011
33 ---- 1111000000100000000001101110000001101010000000000001000000001011
34 ---- 1111000000000000110101101110000000000000000010001011000001001011
35 ---- 1111000000100000010000101010000000110010110000001001000000001111
36 ---- 1111000000000000000001101010000100101010001000000001000000001011
37 ---- 1111100000000000000001101110001000000010100001000001000000001111
38 ---- 1111000000000000000000101010000000010000010000001000000000001011
39 ---- 1111101000000000000001001000000000101010001000000000001000001011
40 ---- 1111100001000000000001101010001000000010000001000001000000001011
41 ---- 1111000000000000010000101010000000010000000000001010000001001011
42 ---- 1111000000000000000001101110000001101010000001000001000000001011
43 ---- 1111000000100000000001001010000000110010000000001001000000001011
44 ---- 1111000000000001110100101110001000000000000010001010000000001011
45 ---- 1111000000000000000000101010000000010010100001001011000000001011
46 ---- 1111000000000100000000001010000001100010100001001001000000001011
47 ---- 1111000000000001100101101110001000100000000010001010000000001011
48 ---- 1111000000100000000001101010000100110000010000001000000000001011
49 ---- 1111000000000000000000101010100001100000000000001010000001001011
DEBUG: Fittest in this population: 1111000000000000000000101010000000010000010000001000000000001011

INFO: Generation: 9 ObjectiveValue: 58
DEBUG: 
Population:
0 ---- 1111000000000000000000101010000000010000010000001000000000001011
1 ---- 1111000001000000000000101010000100110010010000000000000001001011
2 ---- 1111000000000000000001101010000000100000000000001000000001001011
3 ---- 1111000000000000000000101010001000100010101000010001000000001111
4 ---- 1111000001000000000000101010000000110100101000001001000001001011
5 ---- 1111000000000000000000101010000001100010000000000000000001001011
6 ---- 1111000000000000000001101010101000100000000000000001000000001011
7 ---- 1111000000000000000001101010001000110000000000000000100000000111
8 ---- 1111000000000000010000101010000000010000000000001010000000001011
9 ---- 1111100000000000000000101010000000110010000000001001000000001011
10 ---- 1111000001000000010000101010000000010010000000000011000001001011
11 ---- 1111000000000000010000101010001000000000000000000001000000001011
12 ---- 1111100000000000010001101010001000000010000000000001000001001111
13 ---- 1111100000000000000001001010000000010000000000001001000000001011
14 ---- 1111000000000000000000101010000000100000000000000001000001001011
15 ---- 1111000000100000000000101010001000110000000000001000000000001011
16 ---- 1011000001000000010000101010000000100000000000001001000001001111
17 ---- 1111100000000000000001101010001000010000000000000011000000001011
18 ---- 1111000000000000000000101010100001110000000010001010000001001011
19 ---- 1111000000000000000000101000100001100000001000001000000000001011
20 ---- 1111000000000000000001101010001000000010010000001000000000001111
21 ---- 1111100000000000000001101010000000000010000000000001000000001011
22 ---- 1101000001000000000000101010000000110000000000000001000000001011
23 ---- 1111000000000000010000101010001000010000000000000001000000001111
24 ---- 1111000000000000000000101010000000110000110001000000000000001011
25 ---- 1111000000000000010000101010001000110000000000001001000001001111
26 ---- 1111100000100000000001101010000000010010000000000001000001001011
27 ---- 1111100000001000000001101010000000000010000000000010000001001001
28 ---- 1111000000000000000001101110001000000000000000000001000000001111
29 ---- 1111000001000000000000101000000000110010001000001000000000001011
30 ---- 1111000000000000010000101010000000010000010000001010000000001011
31 ---- 1111000000000000010000101010001000000000000000000001000001001111
32 ---- 1111001000000000000001101010000000000000000000001000000000001011
33 ---- 1111000000000000000001101010000000110000000000001000000000001011
34 ---- 1111000000000000000000101010000001110000000000001010000001001011
35 ---- 1111000000000000000001111010001000000000100000000001000000001011
36 ---- 1111000000000000000000101010000000010000010000001000000000001011
37 ---- 1111000000000000010000101010000000010000000000001010000001001011
38 ---- 1111010001000000000000101010001000110000000000001000000000001011
39 ---- 1111000000000000000000101010001000000010100000000001100001001111
40 ---- 1111000000100000000001101011100000010010010000000000000000001011
41 ---- 1111000001000000000000101000001000010010100000000001000000001011
42 ---- 1111000001000100000000101000001100100010000000001000000000001011
43 ---- 1111000000000000010000101010000100010000000000001010000001001011
44 ---- 1111000000000000000000101000000000010000000000000001000001001011
45 ---- 1111000000100000000001101010000000100011000000000001000000001011
46 ---- 1111000000000000001000101010000000010000000000001010000000001011
47 ---- 1111000000000000000000101000001000110010000000000001000000001011
48 ---- 1111000000000000000000101010001110110000010000001000000001001011
49 ---- 1111100000000000000001101110000000000010000001000001000000001011
DEBUG: Fittest in this population: 1111000000000000000000101000000000010000000000000001000001001011

INFO: Generation: 10 ObjectiveValue: 59
DEBUG: 
Population:
0 ---- 1111000000000000000000101000000000010000000000000001000001001011
1 ---- 1111000000000000010000101010001000000010100000000001100000001011
2 ---- 1111000000000000000001101010001000010000000000000001000001001111
3 ---- 1111000000100000000000101010001000000000000000000001000000001011
4 ---- 1111100000000000000001101000000000100010000000000001000000001011
5 ---- 1111000001000000000000101010000000010000000000001010000000001011
6 ---- 1111000000000000000001101110001000000000000000000001000000001111
7 ---- 1111000000000000000000101000000000110010001000000000000000001011
8 ---- 1111000000000000001000101010000000010000000000000000000000101011
9 ---- 1111001000000000000000101000001000010010000000000000000001001101
10 ---- 1111000000000000010000101010001000000000000000000001000001001111
11 ---- 1111000000000000010000101000000000010000000000001010000001001011
12 ---- 1111000000000000000000101000001000010000000000000001000000001001
13 ---- 1111000000000000000101111010000001100010010000001000000001001111
14 ---- 1111000000000000000001001010000000000000000000000001000000011011
15 ---- 1111100000000000000001101010000000100010000000000001000000001011
16 ---- 1111000000000000000000101110001000000000000000000001000000001111
17 ---- 1111000000000000010000101010001000000000000001000001000000001011
18 ---- 1111000000000000000000101010000001010010000000000010000001001011
19 ---- 1111000000000000000000101000000000000000000000001001000000001011
20 ---- 1011000000000000000000101010000001100000000000000000000001001011
21 ---- 1111000000000000000000001110001000000000010000001001000000001011
22 ---- 1111000001000000000000101010000000100000000000000001000001001111
23 ---- 1111001000000010000001101010001000000000000000000000000000001111
24 ---- 1111000000000000000000101010000000100000110001000000000000001011
25 ---- 1111100000000000000001101010000000010000000000001000000000001011
26 ---- 1101000000000000000000101000000000010000000000001000000000011011
27 ---- 1111000000000000010001101010001000000000000000000001000001011011
28 ---- 1111000000000000000000101000000000010000000000000001000001001011
29 ---- 1111100000000000000001101010000000000010000000001000000000001011
30 ---- 1111010000000000000000101010001000010000010000000001000000001011
31 ---- 1111000000000000010000101000101000000000001100001001000000001011
32 ---- 1111000000000000000000101010000000100000000000000001000001001011
33 ---- 1111000000000000000000101000000000010000000000001010000000001011
34 ---- 1111000000000000010000101010000000010000000000000000000000001111
35 ---- 1101000000000000000001101000001000000010100000000001000000001111
36 ---- 1111001000000000000001101010000000000000000000000000000000001011
37 ---- 1111000000000000010000101010001000010000001000000001000000001111
38 ---- 1111000001000000000000101010000001100000010000001000000000001011
39 ---- 1111000000000000000000101000101000110000000000000001000000001011
40 ---- 1111000000000000000000101010000000100000000000000001000001001011
41 ---- 1111000000000000000000101010000000100000000000000001000001001011
42 ---- 1111000000000000001000101000000001010000001000001010000000001011
43 ---- 1111000000000000000000101010001000000000010000001000000000001111
44 ---- 1111000001000000000000101000001000010010100000000001000001001111
45 ---- 1101000001000000000001101010001000110000010000000001000000001111
46 ---- 1111000000000000010000101000000000010000010000000000000001001011
47 ---- 1111000000000000000001101010001000000000000000000001000001001111
48 ---- 1111000000000000000000101010000000010000000000000001000001001011
49 ---- 1111000000000000000000101010000000000010000000001000000000001111
DEBUG: Fittest in this population: 1111000000000000000000101010000000000010000000001000000000001111

INFO: Generation: 11 ObjectiveValue: 61
DEBUG: 
Population:
0 ---- 1111000000000000000000101010000000000010000000001000000000001111
1 ---- 1111000000000000000000101010000000010000010000000000000001001111
2 ---- 1101000000000000010000101010001000010000000000001001000000011111
3 ---- 1111000000000000000000101000000000000000000000000001000001001011
4 ---- 1111000000000000000000101010000000000000000000000000000000001111
5 ---- 1111000000000000000000101100000000000000000000001001000000001011
6 ---- 1110000000000000000000101010000000010000000000000001000001001011
7 ---- 1111000000000000000000101010000000000000000000000001000000001011
8 ---- 1111000000000000000000101010000000100000000000000001000001001111
9 ---- 1111000000000000010000101010000000010000000000000000000000001111
10 ---- 1111000000000000000001101010001000010000000000000001000001001111
11 ---- 1111000000100000000000101000000000000000000000001000000000001111
12 ---- 1111000000000000010000101010001000010000000000000000000000001111
13 ---- 1111000000000000000000101010000000010000000000001000000000001011
14 ---- 1111000001000000000000101010000000111000000000000011000001011011
15 ---- 1111000000000000000000101000100000010000000000000001000001001011
16 ---- 1111000000000000000000101010000000010000000000000000000000001011
17 ---- 1111000000000000000000101000000000010000000000001010000000001011
18 ---- 1111000000000000000000101000000000000100000000001001000001001011
19 ---- 1111001000000000000001101010000000000010000000001000000010001011
20 ---- 1111000000100000000000001010001000000000000000000001000000001011
21 ---- 1111000000000000010000101100001000000000000000000001000000001001
22 ---- 1111000000000000000000101000001000010000000000000000000000001001
23 ---- 1111000000000000000001101010000000000000000000001001000000001111
24 ---- 1111001000000000000000101000000000000000000000000001000000001011
25 ---- 1111000000000000000000101000000000010010000000001000000001001111
26 ---- 1111000000000000000000111000001000010000000000000001000001001011
27 ---- 1111001000000000000001101010000000000000000000000100000000001011
28 ---- 1111000000000000000000101000000000110000000100000001000001001011
29 ---- 1111000000010000010000101110001000010000000000000000000000001111
30 ---- 1111000000100000000000101000000000110000000000000001000001001111
31 ---- 1111000000000000000000101010001000000000010000000000000000001111
32 ---- 1111000000000000000000101000000000010000000000001000000000011011
33 ---- 1111001000000000000001101010000000000000000000000000000000001011
34 ---- 1111000000000000000000001110000000000010010000001001000000001011
35 ---- 1111000000000000000000101010001000100000000000000001000001001111
36 ---- 1111000000000000000001001100000000100000000000000001000001011011
37 ---- 1111000000000000000000101010000000000010000000001000000001101011
38 ---- 1111000000000000000000101010000000000000000000001010000001001011
39 ---- 1111000000000000000000101000000000000010000000001000000000001011
40 ---- 1111001000000100000000101010000000000000000000000000000010001011
41 ---- 1111000000000000000000101001000000100010011000000000000000001111
42 ---- 1111000000000000000001001000000000000000000000000001000001001011
43 ---- 1111000000000000000000101000000000000010000000001000000000001011
44 ---- 1111000001000000000000101000000000100001000010001001000001001111
45 ---- 1111000000000000000000101010000000000000010000000000000000101111
46 ---- 1101000000000000100000101000000000000010000000011000000000001011
47 ---- 1111000000000000000000101000000000000010000000000000000000001011
48 ---- 1111000001000000000000101110001000000010000000000000000000001111
49 ---- 1111000000000000000000101000000000000000000000001001000001001011
DEBUG: Fittest in this population: 1111000000000000000000101010000000000000000000000000000000001111

INFO: Generation: 12 ObjectiveValue: 61
DEBUG: 
Population:
0 ---- 1111000000000000000000101010000000000000000000000000000000001111
1 ---- 1111000000100000000000101010000000000000000000000000000000001111
2 ---- 1111000000100000000000101010000000000000000000001000000000001111
3 ---- 1111000000000000000000101010000000100000000000000000000000001011
4 ---- 1111000000000000000000101000000000000010000000001000000000001011
5 ---- 1111000000000000000001001000000000000000000000000000000001001011
6 ---- 1111000000000000000000101010000000000010000000001000000000001011
7 ---- 1111000000000000000000101000000000000010000000001001000000001011
8 ---- 1111000000000000010000101010000000010000000000000000000000001111
9 ---- 1111000000000000000000101000000100000000000000000000000000001011
10 ---- 1111000000000000000000101010000000000000000000000000000000001111
11 ---- 1111000000000000000000101000000000000000000000000000000000001011
12 ---- 1111000000000000000000101000000000000010000000000000000000001011
13 ---- 1111000000000000000000101010000000000000010000000000000100101011
14 ---- 1111000000000000000000101000001000000000000000000000000000001111
15 ---- 1111000000100000000000101000010000010000000000001000000000001011
16 ---- 1111000000100000000000001010001000000000000000000000000000001011
17 ---- 1111000000000000000000101010000000010000000000000000000000001111
18 ---- 1111000000000000000000101000000000000000000000000001000000001011
19 ---- 1111000000000000000000101010000000000000000000000001000000001011
20 ---- 1111000000000000000000101000000000000000000000001000000000001011
21 ---- 1111000000000000000000101000001000000000000000000000000001001001
22 ---- 1111000000000000000000101010000000000000000000000001000000001011
23 ---- 1111000000000000000000001000000000000010000000001000000000000111
24 ---- 1111000000000000000000101010000000010000000000001000000000001111
25 ---- 1111000000000000000000101000100000000000000000000001000001001011
26 ---- 1111000000000000000000101010000000010000000000001000000000001111
27 ---- 1111000000000000000001101000000000000000000000000001000000001011
28 ---- 1111000010000000000000101000000000000000000000000000000000001011
29 ---- 1111010000000000000000101000000010000010000000000000000000001011
30 ---- 1111000000100000000000101000000000010000100000000000000000001111
31 ---- 1111000000000000000000101010000000010000000000000000000000001111
32 ---- 1111000000100000000000101000000000000010000000000000000000001011
33 ---- 1111000000000000000000101000000000000010000000000000000000001111
34 ---- 1111000000000000000000101010001000000010000000001000000000001011
35 ---- 1111000000000000000000101010000000000110000000000000000000001111
36 ---- 1111000000000000000000001010000000000000000000000001000000001011
37 ---- 1111000000000000100000101010000001000010000000001001000000001011
38 ---- 1111000000000000000000101100000000000000000000000001000000001011
39 ---- 1111000000000000000000101010000000000000000000000000000000001111
40 ---- 1111000000000000000000101010000000000000010000000001000000001111
41 ---- 1111000000000000000000101010001000000000010000000000000000001111
42 ---- 1110000000000000000000101000000000010000000000000000000000001011
43 ---- 1111000000000000000001001000000000000000000000000001100000001011
44 ---- 1111000000100000000000101010000000000000000000000000000000001011
45 ---- 1111001000000000000000101000001000000000000000001001000000001011
46 ---- 1111000010000000000000101000000000000010000000001000000000001111
47 ---- 1111000000000000000000101010000000000010000000000001000000001011
48 ---- 1111000000000000000000001000000000000000000000001001000001001111
49 ---- 1111000000000000000000101000000000000010000000001000000000001011
DEBUG: Fittest in this population: 1111000000000000000000101010000000000000000000000000000000001111

INFO: Generation: 13 ObjectiveValue: 62
DEBUG: 
Population:
0 ---- 1111000000000000000000101010000000000000000000000000000000001111
1 ---- 1111000000000000000000001000000000000000000000000000000001001111
2 ---- 1111000000000000000000101000000000000000000000000001000000001111
3 ---- 1111000000000000000000101000000100000000000000000001000000001011
4 ---- 1111000000000100010000101010000000000000000000000000000000001111
5 ---- 1111000010000000000000101010000000000000000000000001000000001111
6 ---- 1111000000000000000000101000000000001010000000000000000000001011
7 ---- 1111000000000000000000101000001000000000000000000000000000001111
8 ---- 1111000000000000000000101000001000000000000000000000000000001011
9 ---- 1110000001100000000000101000000000000110000000000000000000001111
10 ---- 1111000000000000000000101000000000000000000000001000000100001111
11 ---- 1111000000000000000000101000001000000000000000000001000000001111
12 ---- 1111000000100000000000101010000000000000000000000000100000001111
13 ---- 1111000000000000000000101010000000000000000000000000000000001111
14 ---- 1111000000000000000000001110000000000000000000000001000000001111
15 ---- 1111000000000000000000101010000000000010000000000000000000001111
16 ---- 1111000000100000000000001010001000000010000000000000000000001111
17 ---- 1111000000000000000000101010001000000000000000000000000000001111
18 ---- 1111000000000000000000101000000000000000000000000000000001001011
19 ---- 1111000000000000000000101010000000010000000000000000000000001111
20 ---- 1111000000000000000000101000000000010000000000000000000000001111
21 ---- 1111000000100000000000101000000000000010000000000000000000001111
22 ---- 1111000000000000000000101000001000000000000000000000000000001111
23 ---- 1110000000000000000000101000000000000000000000000000000000001111
24 ---- 1111000000000000000000001010000000000000000000001000000000001111
25 ---- 1111000000000000010001101000000000000000000000000000000000001011
26 ---- 1111000000000000000000101000000000000000000000001000000000001111
27 ---- 1111000000000000000000101000000000010010000000000000000000001111
28 ---- 1111000000000000000000101000000000000000000000000000000000001111
29 ---- 1111000000000000000000101010001010000000000000000000000000001111
30 ---- 1111000000100000000000101010000100000000000000000000000000001011
31 ---- 1111000000000000000000101000010000000010000000000001000000000011
32 ---- 1010000000000000010000001010000000010000000000000001000000001011
33 ---- 1111000000000000000000101010000000010000000000000000000000001111
34 ---- 1111000000100000000000101010000000000000000000000000000000001111
35 ---- 1111000000000000000000101010000000000000000000000000000000001111
36 ---- 1111000000000000000000001000000000000000000000000000000001001011
37 ---- 1111000000000000000001101000000000100010000000000000000000001011
38 ---- 1111000000000000000000101010001000000000000000000000000000001111
39 ---- 1111000000000000000000101000000000000010000000000000000000001111
40 ---- 1111000000000000000000101000000100000000000000000000000000001111
41 ---- 1111000000000000000000101000000000000010000000000000000000001011
42 ---- 1111000000000000000000101000001000000000000000000001000000001111
43 ---- 1111000000000000000000001000000000000000000000001001000000001011
44 ---- 1111000000100000000001001010000000000010000000001000000000001011
45 ---- 1111001000000000000000001010000000000000000000000001000000001011
46 ---- 1111000110000000000000101100000000000000000000001000001000001111
47 ---- 1111000000000000000000101000000000001000000000000000000000001011
48 ---- 1111000000000000000000101000000000000000000010000001000000001011
49 ---- 1111001000000000000000101000000000000000000000000000000000001011
DEBUG: Fittest in this population: 1111000000000000000000101000000000000000000000000000000000001111

INFO: Generation: 14 ObjectiveValue: 62
DEBUG: 
Population:
0 ---- 1111000000000000000000101000000000000000000000000000000000001111
1 ---- 1111000000000000000000101000001000010000000000000000000010001111
2 ---- 1111000000000000000000101010000000000000000000000000000000001111
3 ---- 1111000000000000000000001010000000000000000000001000000000001111
4 ---- 1111000000000000000000001000000000000000000000000000000001001111
5 ---- 1111000000000000000000001000000000000000000000000001000000001011
6 ---- 1111000000000000000000101000000000000000000000000000000000001111
7 ---- 1111000000100000000000101000000000000010000000000000000000001011
8 ---- 1111000000000000000000101000000000001000000000000000000000001111
9 ---- 1111001000000000000000101000000000000000000000001001000000001111
10 ---- 1111000000000000000000101000000000000000000000000000000000001111
11 ---- 1111000000000000000000101010000000000000000000000000000000001111
12 ---- 1111000000000000000000101000000000000010000000000000000000001111
13 ---- 1111000000000000000000101000000000010000000000000000000000001111
14 ---- 1111001000000000000000101000001000000000000000000000000000001111
15 ---- 1111000000000000000000101001000000000000000000000000000000001111
16 ---- 1111000000000000000000101000000000000011000000000000000000001111
17 ---- 1110000000000000000000101000000000000000000000000000000000001111
18 ---- 1111000000000000000000101000000000000000000000000000000000001111
19 ---- 1111000000000000000000101000001000000000000000000000000000001111
20 ---- 1110000000000000000000101000000000000000000000000000000000001111
21 ---- 1111000000000000000000101010000000000000000000000000000000001111
22 ---- 1111000000000000000000101000000101001000000000000000000000001111
23 ---- 1111000000000000000000101010000000000000100000001000000000001111
24 ---- 1111000000000000000000001010000000000000000000001000000000001111
25 ---- 1111000000000000000000101000001000000000000000000000000000001111
26 ---- 1111000000000000000000101000000000000000000000000000000000001111
27 ---- 1111000000000000000000101000001000000000000000000000000000001111
28 ---- 1111000000000000000000101010000000010010000000001000000000001111
29 ---- 1111000000000000000000001010000000000000000000000000000000001111
30 ---- 1111000000000000000000001000000000010000000000000000000001001111
31 ---- 1111000000000000000000101000000001000010000000000001000000001111
32 ---- 1111000000000000000000101010001000000010000000000000000000001111
33 ---- 1111000000000000000000101000001000000000000000000000000000001111
34 ---- 1111000000000000000000101000000000000000000000000001000000001111
35 ---- 1111000000000000000000101010001000000000000000000000000000001111
36 ---- 1111000000000000000000101000001000000000000000000001000001001111
37 ---- 1111000000000000000000101010000000000000000000000000000000001111
38 ---- 1111000000000100000000101000001100000000000000000000000000001111
39 ---- 1111000000000000000000101000000000010000000000000000000001001111
40 ---- 1111000000000000000000101000000000000000000000000000000000001111
41 ---- 1111000000000000000000101000001000010000000000000000000000001111
42 ---- 1111000000000000010000001000000000000010000000000000000100001111
43 ---- 1111000000000000000000101000000000000000000000000000000001001111
44 ---- 1111000000000000000000101000000000001000000000000000000000001111
45 ---- 1101000000000000000000001010000000000000000000000000000000101111
46 ---- 1111000000000000000000001010000000000000000000000000000000001011
47 ---- 1111000000000000000000001010000000000000000000000000001001001011
48 ---- 1111000000010000000000101000000000010010000000000000000000001011
49 ---- 1111000000000000000000101000000000010000000000000000000000001111
DEBUG: Fittest in this population: 1111000000000000000000101000000000000000000000000000000000001111

INFO: Generation: 15 ObjectiveValue: 62
DEBUG: 
Population:
0 ---- 1111000000000000000000101000000000000000000000000000000000001111
1 ---- 1111000000000000000000001000101000110000000000000000000000001111
2 ---- 1111000000000000000000101000000000000000000000000000000000001111
3 ---- 1111000000000000000000101000000000000000000000000000000000001111
4 ---- 1111000000000000000000101000000000010000000000000000000000001111
5 ---- 1111000000000000100000001000000000000000001000000001000000001011
6 ---- 1111000000000000000000101000000000010000000000000000000000001111
7 ---- 1111000000000000000000101000001000010000000000000000000000001111
8 ---- 1111000000000000000000101000000000000000100000000000000000001111
9 ---- 1111000000000000000000101000000000000000000000000000000000001111
10 ---- 1111000000000000000000001010000000000000000000000000000000001011
11 ---- 1111000000000000000000101000000000000000000000000000000000001111
12 ---- 1111000000000000000000101000000000000000000000001000000000001111
13 ---- 1111000000000000000000101010000000000000100000000000000000001111
14 ---- 1111000000000000000000101000000000000000000000000000000000001111
15 ---- 1111000000000000000000101000000000000000000000000000000000001111
16 ---- 1111000000000000000100101001000000000000000000000000000000001111
17 ---- 1111000000000000010000101010000000000000000000000000000001001111
18 ---- 1111000000000000000000001010000000000000000000000000000000001111
19 ---- 1111000000000000000000001001000000000000000000000000000000001111
20 ---- 1111000000000000000000101000000000000000000000000000000000001111
21 ---- 1111000000000000000000001000000000000000000000001000000000001111
22 ---- 1111000000000000000000101000000000010000000000000000000000001111
23 ---- 1111000000000000000000101000000000010000000000000000000000001111
24 ---- 1111000000000000000000001010000000000000000000000000000000001111
25 ---- 1111000000000000000000001010000000000000000000000000000000001111
26 ---- 1111000000000000000000001000000000000000000000000000000000001011
27 ---- 1111000000000000000000101000000000000000000000000000000000001111
28 ---- 1111000000000000000000101000000000000000000000000000000000001111
29 ---- 1111000000000000000000101000000000000000000000000000000000001111
30 ---- 1111000000000000000000101010000000000000000000000000000001001111
31 ---- 1111000000000000000000101000001000000000000000000000000001001111
32 ---- 1110000000000000000000001010000000000000000000001000000000001111
33 ---- 1111000000000000000000101000000000000000000000000000000000001111
34 ---- 1111000000000000000000101000000000000000000000000000000000001111
35 ---- 1111000000000000000000001010000000000000000000000000000000001111
36 ---- 1111000000000000000000101000000000000000000000000000000000001111
37 ---- 1111000000000000000000101010000100000000000000000000000000001111
38 ---- 1111000000000000000000101000000000000000000000000000000000101111
39 ---- 1111000000000000000000101010000000000000000000000000000000001111
40 ---- 1111000000000000000000101000000000000000000000000000000000001111
41 ---- 1111000000000000000000101000000000000000000000000000000000001111
42 ---- 1111000000000000000000101000001000000000000000000000000000001111
43 ---- 1111000000000000000000101000000000000000000000000000001000001111
44 ---- 1111000000000000000000101000000000000000000000000000000000011111
45 ---- 1110000000000000000000101000000000000000000000000000000000001111
46 ---- 1111000000000000000000101000000000000000000000000000000000001111
47 ---- 1111000000000000000000101000000000000000000000000000000000001111
48 ---- 1111000000000000000000101000000000000000000000000000000000001111
49 ---- 1111000000000000000000101000001000000000000000000000010000000111
DEBUG: Fittest in this population: 1111000000000000000000101000000000000000000000000000000000001111

INFO: Generation: 16 ObjectiveValue: 63
DEBUG: 
Population:
0 ---- 1111000000000000000000101000000000000000000000000000000000001111
1 ---- 1111000000000001000000101000000000000000000000000000000000001111
2 ---- 1111000000000000000000101000000000000000000000000000000000101111
3 ---- 1111000000000000000000101000000000000000000000000000000000001011
4 ---- 1111000000000000000000101000000000000000000000000000000000001111
5 ---- 1111000000000100000000101000000000000000000000000000000000001111
6 ---- 1111000000000000000000101000000000000000000000000000000000001111
7 ---- 1111000000000000000000101000000000000000000000000000000000001111
8 ---- 1111000000000000000000101000000000000000010000000000000000001111
9 ---- 1111000000000000000000101000000000000000000000000000000000001111
10 ---- 1111000000000000000000101000000000000000000000000000000000001111
11 ---- 1111000000000000000000101000010000000000000000000000000000001111
12 ---- 1111000000000010000000101000000000000000000000000000000000001111
13 ---- 1111000000000000000000001010000000000000000000000000000000001111
14 ---- 1111000000000000000000101010000000000000000000000000000000001111
15 ---- 1111000000000000000000101000000000000000000000001000000000001111
16 ---- 1111000000000000000000101000000000000000000000001000000000001011
17 ---- 1111000000000000000000101000000000000000000000000000000000001111
18 ---- 1111000000000000000000101000000000010000000000000000010000001111
19 ---- 1111000000000000000000101000000000000000000000000000000000001111
20 ---- 1111100000000000000000001000000000000000000010000000000000001111
21 ---- 1111000000000000000000101000000000000000000000000000000000001111
22 ---- 1111000000000000000000101000000000000000000000000000000000001111
23 ---- 1111000000000000000000001000000000000000000000001000000000001111
24 ---- 1111000000000000000000101000000000000000000000000000000000001111
25 ---- 1111000000000100000000001000000000000000000000000000000000001111
26 ---- 1111000000000000000000101000000000000000000000000000000000001111
27 ---- 1111000000000000000000101000000000000000000000000000000000001111
28 ---- 1111000000000000000000101010000000000000000000000000000000001111
29 ---- 1111000000000000000000001010000000000000000000000000000000001111
30 ---- 1111100000000000000000101000000000000000000000000000000000001011
31 ---- 1111000000000000000000001010000000000000000000000000000000001111
32 ---- 1111000000000000000000101000000000000000000000000000000000001111
33 ---- 1111000000000000000000001010010000000000000000000000000000001111
34 ---- 1111000000010000000001101100000000000000000000000000000000001111
35 ---- 1111000000000000000000101000000000000000000000000000000000001111
36 ---- 1111000000000000000000101000000000000000000000000000000000001111
37 ---- 1111000000000000000000001010000000000000000000000000000000001011
38 ---- 1111000000000000000000101000000000000000000000000000000000001111
39 ---- 1111000000000000010000101000000000000000000000000000000000001111
40 ---- 1111000000000000000000101010000000000000000000000000000000001111
41 ---- 1111000000000000000000001000000000000000000000000000000000001111
42 ---- 1111000000000000000000101000000000000000000000000000000000001111
43 ---- 1111000000000000000000001000000000000000000000000000000000001011
44 ---- 1111000000000000000000101000000000000000000000000000000000001111
45 ---- 1111000000000000010000101000000000000000000000000000000000001111
46 ---- 1111000000000000000000101000000000000000000000000000000000001111
47 ---- 1111000000000000000000101000000000000000000000000000000000001111
48 ---- 1111000000000001000000001011000000000000000000000000000000001111
49 ---- 1111000000000000000000101000000000000000000000000000000000001111
DEBUG: Fittest in this population: 1111000000000000000000001000000000000000000000000000000000001111

INFO: Generation: 17 ObjectiveValue: 63
DEBUG: 
Population:
0 ---- 1111000000000000000000001000000000000000000000000000000000001111
1 ---- 1111000000000000000000001010000000000000000000000000000000001111
2 ---- 1111000000000000000000101000000000000000000000000000000000001111
3 ---- 1111000000000000000000001000000000000000000000000000000000001011
4 ---- 1111000000000000000000001000010000000000010000000000000000001111
5 ---- 1111000000000000000000101000000000000000000000000000000000001111
6 ---- 1111000000000000000000101000000000000000000000000000000000001111
7 ---- 1111000000000000000001001000000000000000000000000000000000001111
8 ---- 1110000000000000000000101000000000000000000000000000000000001111
9 ---- 1111000000000000000000001000000000000000000000000000000000001011
10 ---- 1111000000000000000000001000000000000000000000100000000000001011
11 ---- 1111000000000000000000101000000000000000000000000000000000001111
12 ---- 1111000000000000000000101010000000000000000000000000000000001110
13 ---- 1111000000000000000000101000000000000000000000000000000000001111
14 ---- 1111000000000000000000001000000000000000000000000000000000001111
15 ---- 1111000000000000000000101010000000000000000000000000000000001111
16 ---- 1111000000000000000000101000000000000000000000000000000000001011
17 ---- 1111000000010000000000101000000000000000000000000000000000001111
18 ---- 1111000000000000000000101001000000000000000000000000000000001111
19 ---- 1111000000000000000000001000001000000000000000000000000000001111
20 ---- 1111000000000000000000101000000000000000000000100000000000001111
21 ---- 1111000000000000000000001000000000000000000000000000000000001111
22 ---- 1111000000000000000000001000000000000000000000000000000000001111
23 ---- 1111000000000000000000001000000000000000000000000000000000001111
24 ---- 1111000000000000000000101000000000000000000000000000000000001111
25 ---- 1111000000000000000000001000000000100000000000000000000000001111
26 ---- 1111000000000000010000001000000000000000000000000000000000001111
27 ---- 1111000000000000000000101000000000100000000000000000000000001111
28 ---- 1111000000000000000000101000000000000000000000000000000000001111
29 ---- 0111000000000000000001001000000000000000000000000000000000001011
30 ---- 1111000100000000000000001000000000000000000000000000000000001111
31 ---- 0111000000000000000000101000000000000000000000000000000000011111
32 ---- 1111000000000000000000001000000000000000000000000000000000001111
33 ---- 1111000000000000000000101000000000000000000000000000000000001111
34 ---- 1111000000000000000000101000000000000000000000000000000000001111
35 ---- 1111000000000000000000101000000000000000000000000000000000001111
36 ---- 1111000000000000000000001000000000000000000000000000000000001111
37 ---- 1111000000000000000000001010000000000000000000000000000000001111
38 ---- 1111000000000000000000101000000000000000000000000000000000001111
39 ---- 1111000000000000000000101000000000000000000000000000000000001111
40 ---- 1111000000000000000000101000000000000000010000000000000000001111
41 ---- 1111000000000000000000101000000000000000000000000000000000001111
42 ---- 1111010000000000000000101000000000000000000000000000000000001111
43 ---- 1111000000001000000000101000000000000000000000000000010000001111
44 ---- 1111000000000000000000101000000000000000000000000000000000001111
45 ---- 1111000000000000000000101000000000000000000000000000000000001011
46 ---- 1111000000000000000000101000000000000000000000000000000000001111
47 ---- 1111000000000000000000101000000000000000000000010000000000001111
48 ---- 0111000000000000000000101000000000000000000000000000000000001111
49 ---- 1111000000000000000000101000000000000000000000000000000000001111
DEBUG: Fittest in this population: 1111000000000000000000001000000000000000000000000000000000001111

INFO: Generation: 18 ObjectiveValue: 63
DEBUG: 
Population:
0 ---- 1111000000000000000000001000000000000000000000000000000000001111
1 ---- 1111000000000000000000001000000000000000000000000000000000001111
2 ---- 1111000000001000000000101000000000000000000000000000000000101111
3 ---- 1111000000000000010000001000000000000000000000000000000000001111
4 ---- 1111000000000000000000101000000000000000000000000000000000001111
5 ---- 1111000000000000000000001000000000000000000000000000000000001111
6 ---- 1111000000000000000000001000000000000000000000000000000000001011
7 ---- 1111000000000000000000001000000000000000000000000000000000001111
8 ---- 1111000000000000000000001010000000000000000000000000000000001111
9 ---- 1111001000000000000000001000000000000000000000000000000000001111
10 ---- 1111000000000000000000001010000000100000000000000000000000101111
11 ---- 1111000000000001000000001000000000000000000000000000000000001111
12 ---- 1111010000000000000000101000000000000000000000000000000000001111
13 ---- 1111000000000000000000001010000000000000000000000000000000001011
14 ---- 1111000000000000000000001000000000000000000000000000000000001111
15 ---- 1111000000000000000000101000000000000000000000000000000000001111
16 ---- 1111000000000000000000001000000000000000000000000000000000001111
17 ---- 1111000000000000000000101000000000000000000000000000000000001111
18 ---- 1111000000000001000001101000000000000000000000000000000000001111
19 ---- 1111000000000000000000001000000000000000000000000000000000001111
20 ---- 1111000000000000000000001000000000000000000000000000000000001011
21 ---- 1111000000000000000001001000000000000000000000000000000000001111
22 ---- 1111000000000000000000001000000000100000000000000000000000001111
23 ---- 1111000000000000000000001000000000000000000000000000000000001111
24 ---- 1111000000000000000000001000000000000000000000000000000000001111
25 ---- 1111000000000000000000101000000000000000000000000000000000001111
26 ---- 1111000000000000000000101000000000000000000000000000000000001111
27 ---- 1111000000000000000000101000000000000000000000000000000000001111
28 ---- 1111000000000000000000001000000000000000000000000000000000011111
29 ---- 1011000000000000000000001000000000000000000000000000000000001111
30 ---- 1111000000000000000000001000000000000000000000000000000000001111
31 ---- 1111000000000000000000001000000000000000000000000000000000001111
32 ---- 1111000000000000000000001000000000000000000000000000000000001111
33 ---- 1111000100000000000000001000000000000000000000000000000000001111
34 ---- 1111000000000000000000001000000000000000000000000000000000001111
35 ---- 1111000000010000000001001000000000000000000000000000000000001111
36 ---- 1111000000000000010000001000000000000000000000000000000000001111
37 ---- 1111000000000000000000001000000000000000000000000000000000001111
38 ---- 1111000000000000000000001000000000000000000000000000000000001111
39 ---- 1111000000001000000001001000000000000000000000000000000000001111
40 ---- 1111000000000000000000101000000000000000000000000000000000001111
41 ---- 1111000000000000000000101000000000000000000000000000000000001111
42 ---- 1111000000000000000000001000000000000000000000000000000000001111
43 ---- 1111000000000000000000101000000000000000000000000000000000001111
44 ---- 1111000000000000000000101000000000000000000000000000000000001111
45 ---- 1111000000000000000000001000000000000000000000000000000000001111
46 ---- 1111000000000000000000101000000000000000000000000001000000001111
47 ---- 1111000000000000000000101000000010000000000000000000000000001111
48 ---- 1111000000000000000000101010000000000000000000000000000000001110
49 ---- 1111000000000000000000001000000001000000000000000000000000001111
DEBUG: Fittest in this population: 1111000000000000000000001000000000000000000000000000000000001111

INFO: 
Reached optimal solution (that was provided in the beginning) in Generation: 19
DEBUG: 
Population:
0 ---- 1111000000000000000000001000000000000000000000000000000000001111
1 ---- 1111000000000000000000001000000000000000000000000000000000001111
2 ---- 1111000000000000000000001000000000000000000000000000100000001111
3 ---- 1111000000000000000000001000000000000000000000000000000000001111
4 ---- 1111000000000000000000001000000000000000000000000000000000001111
5 ---- 1111000000000000000000001000000000000000000000000000000000001111
6 ---- 1111000000000000000000001000000000000000010000000000000000001111
7 ---- 1111000000000000000000001000000000000000000000000000000000001111
8 ---- 1111000000000000000100001000000000000000000000000000000000001111
9 ---- 1111000000000000000000000000000000000000000000000000000000001111
10 ---- 1111000000000000100000001000000000000000000000000000000000001111
11 ---- 1111000000000000000000001000000000000000000000000000000000001111
12 ---- 1111000000000000001000001000000000010000000000000000000000001111
13 ---- 1111000000000000100000001000000000100000000000000010000000001111
14 ---- 1111001000000000000000001000000000000000000000000000000000001111
15 ---- 1111000000000000000000101000000000000000000000000000000000001111
16 ---- 1111000000000000000000001000000000000000000000000000000000001101
17 ---- 1111000000000000000000001000000000000000000000000000000000001111
18 ---- 1111000000000000000000001000000000000000000000010000000000001111
19 ---- 1111000000000000000000001000000000000000000000000000000000001111
20 ---- 1111000000000100000000001000000000000000000100000000000000001111
21 ---- 1111000000000000000000001000000000000000000000000000000000001111
22 ---- 1111000000000000000000001000000000000000000000000000000000001111
23 ---- 1111000000000001000000001000010000000000000000000000000000001111
24 ---- 1111001000000000000000001000000000000000000000000000000000001111
25 ---- 1111000000000000000000001000000000000000000000000000000000001111
26 ---- 1111000000000000000000001000000000000000000000000000000000001111
27 ---- 1111000000000000000000001000000000000000000000000000000000001111
28 ---- 1111000000000000000000001000000000000000000001000000000000101111
29 ---- 1111000000000000000000001000000000000000000000000000000000001111
30 ---- 1111000000000000000000101000000000000000000000000000000000001111
31 ---- 1111000000000000000000001000000000000000000000000000000000001111
32 ---- 1111000000000000000000001000000000000000000000000000000000001111
33 ---- 1111000000000000000000001000000000000000000000000000000000001111
34 ---- 1011000000000000000000001000000000000000000000000000000000001111
35 ---- 1111000001000000000000001000000000000000000000000000000000001111
36 ---- 1111000000000000000000001000000000000000000000000000000000001111
37 ---- 1111000000000000000000001000000000001000000000000000000000001111
38 ---- 1111000000000000000000001000000000000000010000000000000000001111
39 ---- 1111000000000000000000001000000000000000000000000000000000001111
40 ---- 1111000000000000000000001000000000000000000000000000000000001111
41 ---- 1111000000000000000000001000000000000000000000100000000000001111
42 ---- 1111000000000000000000001000000000000000000000000000000000001111
43 ---- 1111000000000000000000001000000000101000000000000000000000001111
44 ---- 1111000000000000000000001000000000000000000000000000000000001111
45 ---- 1111000000000000000000001000000000000000000000000000000000001111
46 ---- 1111000000000000000000001000000000000000000000000000000000001111
47 ---- 1111000000000000000000001000000000000000000000000000000000001111
48 ---- 1111000000000000100000001000000000000000000000000000000000001111
49 ---- 1111000001000000000000001100000000000000000000000000000000001111
INFO: Fittest in this population: 1111000000000000000000000000000000000000000000000000000000001111

INFO: -------------------------------------------------------------
